#
# There is insufficient memory for the Java Runtime Environment to continue.
# Native memory allocation (malloc) failed to allocate 1483056 bytes. Error detail: Chunk::new
# Possible reasons:
#   The system is out of physical RAM or swap space
#   This process is running with CompressedOops enabled, and the Java Heap may be blocking the growth of the native heap
# Possible solutions:
#   Reduce memory load on the system
#   Increase physical memory or swap space
#   Check if swap backing store is full
#   Decrease Java heap size (-Xmx/-Xms)
#   Decrease number of Java threads
#   Decrease Java thread stack sizes (-Xss)
#   Set larger code cache with -XX:ReservedCodeCacheSize=
#   JVM is running with Unscaled Compressed Oops mode in which the Java heap is
#     placed in the first 4GB address space. The Java Heap base address is the
#     maximum limit for the native heap growth. Please use -XX:HeapBaseMinAddress
#     to set the Java Heap base and to place the Java Heap above 4GB virtual address.
# This output file may be truncated or incomplete.
#
#  Out of Memory Error (arena.cpp:168), pid=3292, tid=15144
#
# JRE version: OpenJDK Runtime Environment Temurin-21.0.7+6 (21.0.7+6) (build 21.0.7+6-LTS)
# Java VM: OpenJDK 64-Bit Server VM Temurin-21.0.7+6 (21.0.7+6-LTS, mixed mode, sharing, tiered, compressed oops, compressed class ptrs, parallel gc, windows-amd64)
# No core dump will be written. Minidumps are not enabled by default on client versions of Windows
#

---------------  S U M M A R Y ------------

Command Line: --add-modules=ALL-SYSTEM --add-opens=java.base/java.util=ALL-UNNAMED --add-opens=java.base/java.lang=ALL-UNNAMED --add-opens=java.base/sun.nio.fs=ALL-UNNAMED -Declipse.application=org.eclipse.jdt.ls.core.id1 -Dosgi.bundles.defaultStartLevel=4 -Declipse.product=org.eclipse.jdt.ls.core.product -Djava.import.generatesMetadataFilesAtProjectRoot=false -DDetectVMInstallationsJob.disabled=true -Dfile.encoding=utf8 -XX:+UseParallelGC -XX:GCTimeRatio=4 -XX:AdaptiveSizePolicyWeight=90 -Dsun.zip.disableMemoryMapping=true -Xmx1G -Xms100m -Xlog:disable -javaagent:c:\Users\ADMIN\.vscode\extensions\redhat.java-1.42.0-win32-x64\lombok\lombok-1.18.36.jar c:\Users\ADMIN\.vscode\extensions\redhat.java-1.42.0-win32-x64\server\plugins\org.eclipse.equinox.launcher_1.7.0.v20250424-1814.jar -configuration c:\Users\ADMIN\AppData\Roaming\Code\User\globalStorage\redhat.java\1.42.0\config_ss_win -data c:\Users\ADMIN\AppData\Roaming\Code\User\workspaceStorage\b8ba9087176955a5b86e532f01be8d4f\redhat.java\ss_ws --pipe=\\.\pipe\lsp-87261f597fa9969ea38eddc46b48e3b9-sock

Host: 12th Gen Intel(R) Core(TM) i7-1255U, 12 cores, 7G,  Windows 11 , 64 bit Build 26100 (10.0.26100.4202)
Time: Mon Jun  9 12:26:29 2025 Nepal Standard Time elapsed time: 12.118019 seconds (0d 0h 0m 12s)

---------------  T H R E A D  ---------------

Current thread (0x000001c6feb46db0):  JavaThread "C2 CompilerThread1" daemon [_thread_in_native, id=15144, stack(0x000000ba61a00000,0x000000ba61b00000) (1024K)]


Current CompileTask:
C2:12118 2700       4       org.lombokweb.asm.ClassReader::readMethod (1070 bytes)

Stack: [0x000000ba61a00000,0x000000ba61b00000]
Native frames: (J=compiled Java code, j=interpreted, Vv=VM code, C=native code)
V  [jvm.dll+0x6ce119]
V  [jvm.dll+0x8a84a1]
V  [jvm.dll+0x8aa9ce]
V  [jvm.dll+0x8ab0b3]
V  [jvm.dll+0x27f8a6]
V  [jvm.dll+0xc507d]
V  [jvm.dll+0xc55b3]
V  [jvm.dll+0x3b68f2]
V  [jvm.dll+0x382aa5]
V  [jvm.dll+0x381f0a]
V  [jvm.dll+0x247af0]
V  [jvm.dll+0x2470cf]
V  [jvm.dll+0x1c760e]
V  [jvm.dll+0x25695a]
V  [jvm.dll+0x254efa]
V  [jvm.dll+0x3f03f6]
V  [jvm.dll+0x851f6b]
V  [jvm.dll+0x6cc7dd]
C  [ucrtbase.dll+0x37b0]
C  [KERNEL32.DLL+0x2e8d7]
C  [ntdll.dll+0x3c34c]


---------------  P R O C E S S  ---------------

Threads class SMR info:
_java_thread_list=0x000001c6fe0b4fd0, length=21, elements={
0x000001c6e3a4ae10, 0x000001c6fe0044b0, 0x000001c6fe005770, 0x000001c6fe00e500,
0x000001c6fe00eb90, 0x000001c6fe00cac0, 0x000001c6fe00f220, 0x000001c6fe01e5c0,
0x000001c6fe020e30, 0x000001c6fe00d7e0, 0x000001c6fe00f8b0, 0x000001c6fe00de70,
0x000001c6fe00ff40, 0x000001c6fe00d150, 0x000001c6fe8bb180, 0x000001c6fe8b8a20,
0x000001c6fe8bb810, 0x000001c6fe8bc530, 0x000001c6fe8bbea0, 0x000001c6fe8b9dd0,
0x000001c6feb46db0
}

Java Threads: ( => current thread )
  0x000001c6e3a4ae10 JavaThread "main"                              [_thread_blocked, id=5056, stack(0x000000ba5f900000,0x000000ba5fa00000) (1024K)]
  0x000001c6fe0044b0 JavaThread "Reference Handler"          daemon [_thread_blocked, id=12872, stack(0x000000ba5fd00000,0x000000ba5fe00000) (1024K)]
  0x000001c6fe005770 JavaThread "Finalizer"                  daemon [_thread_blocked, id=3224, stack(0x000000ba5fe00000,0x000000ba5ff00000) (1024K)]
  0x000001c6fe00e500 JavaThread "Signal Dispatcher"          daemon [_thread_blocked, id=9160, stack(0x000000ba5ff00000,0x000000ba60000000) (1024K)]
  0x000001c6fe00eb90 JavaThread "Attach Listener"            daemon [_thread_blocked, id=5988, stack(0x000000ba60000000,0x000000ba60100000) (1024K)]
  0x000001c6fe00cac0 JavaThread "Service Thread"             daemon [_thread_blocked, id=6740, stack(0x000000ba60100000,0x000000ba60200000) (1024K)]
  0x000001c6fe00f220 JavaThread "Monitor Deflation Thread"   daemon [_thread_blocked, id=5796, stack(0x000000ba60200000,0x000000ba60300000) (1024K)]
  0x000001c6fe01e5c0 JavaThread "C2 CompilerThread0"         daemon [_thread_in_native, id=13200, stack(0x000000ba60300000,0x000000ba60400000) (1024K)]
  0x000001c6fe020e30 JavaThread "C1 CompilerThread0"         daemon [_thread_in_vm, id=6372, stack(0x000000ba60400000,0x000000ba60500000) (1024K)]
  0x000001c6fe00d7e0 JavaThread "Common-Cleaner"             daemon [_thread_blocked, id=7784, stack(0x000000ba60500000,0x000000ba60600000) (1024K)]
  0x000001c6fe00f8b0 JavaThread "Notification Thread"        daemon [_thread_blocked, id=928, stack(0x000000ba60700000,0x000000ba60800000) (1024K)]
  0x000001c6fe00de70 JavaThread "Active Thread: Equinox Container: 5ca8a093-e2c9-419f-b0e6-b2774c3bddd4"        [_thread_blocked, id=12912, stack(0x000000ba60f00000,0x000000ba61000000) (1024K)]
  0x000001c6fe00ff40 JavaThread "Framework Event Dispatcher: Equinox Container: 5ca8a093-e2c9-419f-b0e6-b2774c3bddd4" daemon [_thread_blocked, id=13828, stack(0x000000ba60e00000,0x000000ba60f00000) (1024K)]
  0x000001c6fe00d150 JavaThread "Start Level: Equinox Container: 5ca8a093-e2c9-419f-b0e6-b2774c3bddd4" daemon [_thread_in_Java, id=13324, stack(0x000000ba61000000,0x000000ba61100000) (1024K)]
  0x000001c6fe8bb180 JavaThread "SCR Component Actor"        daemon [_thread_blocked, id=4312, stack(0x000000ba60600000,0x000000ba60700000) (1024K)]
  0x000001c6fe8b8a20 JavaThread "Worker-JM"                         [_thread_blocked, id=7624, stack(0x000000ba61500000,0x000000ba61600000) (1024K)]
  0x000001c6fe8bb810 JavaThread "JNA Cleaner"                daemon [_thread_blocked, id=2348, stack(0x000000ba61300000,0x000000ba61400000) (1024K)]
  0x000001c6fe8bc530 JavaThread "Worker-0"                          [_thread_blocked, id=6988, stack(0x000000ba61400000,0x000000ba61500000) (1024K)]
  0x000001c6fe8bbea0 JavaThread "Worker-1"                          [_thread_blocked, id=12788, stack(0x000000ba61800000,0x000000ba61900000) (1024K)]
  0x000001c6fe8b9dd0 JavaThread "Worker-2"                          [_thread_blocked, id=12384, stack(0x000000ba61900000,0x000000ba61a00000) (1024K)]
=>0x000001c6feb46db0 JavaThread "C2 CompilerThread1"         daemon [_thread_in_native, id=15144, stack(0x000000ba61a00000,0x000000ba61b00000) (1024K)]
Total: 21

Other Threads:
  0x000001c6e14d0ed0 VMThread "VM Thread"                           [id=15084, stack(0x000000ba5fc00000,0x000000ba5fd00000) (1024K)]
  0x000001c6f7d1cb20 WatcherThread "VM Periodic Task Thread"        [id=15316, stack(0x000000ba5fb00000,0x000000ba5fc00000) (1024K)]
  0x000001c6e14d0050 WorkerThread "GC Thread#0"                     [id=12676, stack(0x000000ba5fa00000,0x000000ba5fb00000) (1024K)]
  0x000001c6e14d03f0 WorkerThread "GC Thread#1"                     [id=1332, stack(0x000000ba60800000,0x000000ba60900000) (1024K)]
  0x000001c6e14cfcb0 WorkerThread "GC Thread#2"                     [id=13720, stack(0x000000ba60900000,0x000000ba60a00000) (1024K)]
  0x000001c6fe6764a0 WorkerThread "GC Thread#3"                     [id=1392, stack(0x000000ba60a00000,0x000000ba60b00000) (1024K)]
  0x000001c6fe676840 WorkerThread "GC Thread#4"                     [id=7036, stack(0x000000ba60b00000,0x000000ba60c00000) (1024K)]
  0x000001c6fe678c80 WorkerThread "GC Thread#5"                     [id=12012, stack(0x000000ba60c00000,0x000000ba60d00000) (1024K)]
  0x000001c6fe6781a0 WorkerThread "GC Thread#6"                     [id=12084, stack(0x000000ba60d00000,0x000000ba60e00000) (1024K)]
  0x000001c6fe6788e0 WorkerThread "GC Thread#7"                     [id=4336, stack(0x000000ba61100000,0x000000ba61200000) (1024K)]
  0x000001c6fe677320 WorkerThread "GC Thread#8"                     [id=10816, stack(0x000000ba61600000,0x000000ba61700000) (1024K)]
  0x000001c6fe675620 WorkerThread "GC Thread#9"                     [id=5560, stack(0x000000ba61700000,0x000000ba61800000) (1024K)]
Total: 12

Threads with active compile tasks:
C2 CompilerThread0  12155 2771       4       java.util.concurrent.ConcurrentHashMap$ValueIterator::next (34 bytes)
C1 CompilerThread0  12155 2776       3       org.lombokweb.asm.MethodWriter::visitJumpInsn (495 bytes)
C2 CompilerThread1  12155 2700       4       org.lombokweb.asm.ClassReader::readMethod (1070 bytes)
Total: 3

VM state: not at safepoint (normal execution)

VM Mutex/Monitor currently owned by a thread: None

Heap address: 0x00000000c0000000, size: 1024 MB, Compressed Oops mode: 32-bit

CDS archive(s) mapped at: [0x000001c680000000-0x000001c680ba0000-0x000001c680ba0000), size 12189696, SharedBaseAddress: 0x000001c680000000, ArchiveRelocationMode: 1.
Compressed class space mapped at: 0x000001c681000000-0x000001c6c1000000, reserved size: 1073741824
Narrow klass base: 0x000001c680000000, Narrow klass shift: 0, Narrow klass range: 0x100000000

GC Precious Log:
 CardTable entry size: 512
 CPUs: 12 total, 12 available
 Memory: 7876M
 Large Page Support: Disabled
 NUMA Support: Disabled
 Compressed Oops: Enabled (32-bit)
 Alignments: Space 512K, Generation 512K, Heap 2M
 Heap Min Capacity: 100M
 Heap Initial Capacity: 100M
 Heap Max Capacity: 1G
 Pre-touch: Disabled
 Parallel Workers: 10

Heap:
 PSYoungGen      total 29696K, used 17794K [0x00000000eab00000, 0x00000000ecd80000, 0x0000000100000000)
  eden space 25088K, 70% used [0x00000000eab00000,0x00000000ebc60830,0x00000000ec380000)
  from space 4608K, 0% used [0x00000000ec900000,0x00000000ec900000,0x00000000ecd80000)
  to   space 4608K, 0% used [0x00000000ec480000,0x00000000ec480000,0x00000000ec900000)
 ParOldGen       total 68608K, used 8365K [0x00000000c0000000, 0x00000000c4300000, 0x00000000eab00000)
  object space 68608K, 12% used [0x00000000c0000000,0x00000000c082b7e0,0x00000000c4300000)
 Metaspace       used 21863K, committed 22592K, reserved 1114112K
  class space    used 2068K, committed 2368K, reserved 1048576K

Card table byte_map: [0x000001c6e33f0000,0x000001c6e3600000] _byte_map_base: 0x000001c6e2df0000

Marking Bits: (ParMarkBitMap*) 0x00007ffdfc2331f0
 Begin Bits: [0x000001c6f5c40000, 0x000001c6f6c40000)
 End Bits:   [0x000001c6f6c40000, 0x000001c6f7c40000)

Polling page: 0x000001c6e1810000

Metaspace:

Usage:
  Non-class:     19.33 MB used.
      Class:      2.02 MB used.
       Both:     21.35 MB used.

Virtual space:
  Non-class space:       64.00 MB reserved,      19.75 MB ( 31%) committed,  1 nodes.
      Class space:        1.00 GB reserved,       2.31 MB ( <1%) committed,  1 nodes.
             Both:        1.06 GB reserved,      22.06 MB (  2%) committed. 

Chunk freelists:
   Non-Class:  11.86 MB
       Class:  13.69 MB
        Both:  25.55 MB

MaxMetaspaceSize: unlimited
CompressedClassSpaceSize: 1.00 GB
Initial GC threshold: 21.00 MB
Current GC threshold: 35.00 MB
CDS: on
 - commit_granule_bytes: 65536.
 - commit_granule_words: 8192.
 - virtual_space_node_default_size: 8388608.
 - enlarge_chunks_in_place: 1.
 - use_allocation_guard: 0.


Internal statistics:

num_allocs_failed_limit: 3.
num_arena_births: 528.
num_arena_deaths: 14.
num_vsnodes_births: 2.
num_vsnodes_deaths: 0.
num_space_committed: 353.
num_space_uncommitted: 0.
num_chunks_returned_to_freelist: 17.
num_chunks_taken_from_freelist: 1347.
num_chunk_merges: 8.
num_chunk_splits: 885.
num_chunks_enlarged: 587.
num_inconsistent_stats: 0.

CodeHeap 'non-profiled nmethods': size=120000Kb used=1211Kb max_used=1211Kb free=118789Kb
 bounds [0x000001c6ee710000, 0x000001c6ee980000, 0x000001c6f5c40000]
CodeHeap 'profiled nmethods': size=120000Kb used=5377Kb max_used=5377Kb free=114622Kb
 bounds [0x000001c6e6c40000, 0x000001c6e7190000, 0x000001c6ee170000]
CodeHeap 'non-nmethods': size=5760Kb used=1316Kb max_used=1335Kb free=4443Kb
 bounds [0x000001c6ee170000, 0x000001c6ee3e0000, 0x000001c6ee710000]
 total_blobs=3372 nmethods=2771 adapters=507
 compilation: enabled
              stopped_count=0, restarted_count=0
 full_count=0

Compilation events (20 events):
Event: 11.056 Thread 0x000001c6fe020e30 2756       3       org.eclipse.core.internal.preferences.EclipsePreferences::absolutePath (79 bytes)
Event: 11.060 Thread 0x000001c6fe020e30 nmethod 2756 0x000001c6e716d110 code [0x000001c6e716d7c0, 0x000001c6e71729d0]
Event: 11.060 Thread 0x000001c6fe020e30 2754       3       org.eclipse.core.internal.preferences.DefaultPreferences::getLoadLevel (52 bytes)
Event: 11.060 Thread 0x000001c6fe020e30 nmethod 2754 0x000001c6e7173d10 code [0x000001c6e7173f00, 0x000001c6e7174550]
Event: 11.060 Thread 0x000001c6fe020e30 2751       3       org.eclipse.core.internal.preferences.PreferencesService::getRootNode (4 bytes)
Event: 11.060 Thread 0x000001c6fe020e30 nmethod 2751 0x000001c6e7174790 code [0x000001c6e7174920, 0x000001c6e7174a38]
Event: 11.060 Thread 0x000001c6fe020e30 2752       3       org.eclipse.core.internal.preferences.RootPreferences::node (7 bytes)
Event: 11.061 Thread 0x000001c6fe020e30 nmethod 2752 0x000001c6e7174b10 code [0x000001c6e7174cc0, 0x000001c6e7174e08]
Event: 11.061 Thread 0x000001c6fe020e30 2753       3       org.eclipse.core.internal.preferences.RootPreferences::getNode (135 bytes)
Event: 11.062 Thread 0x000001c6fe020e30 nmethod 2753 0x000001c6e7174e90 code [0x000001c6e71751e0, 0x000001c6e7176580]
Event: 11.062 Thread 0x000001c6fe020e30 2757   !   3       org.eclipse.core.internal.preferences.EclipsePreferences::getOrCreate (108 bytes)
Event: 11.063 Thread 0x000001c6fe020e30 nmethod 2757 0x000001c6e7176c90 code [0x000001c6e7176ee0, 0x000001c6e71779a0]
Event: 11.068 Thread 0x000001c6fe020e30 2758       3       java.io.BufferedInputStream::implRead (112 bytes)
Event: 11.069 Thread 0x000001c6fe020e30 nmethod 2758 0x000001c6e7177d90 code [0x000001c6e7177fc0, 0x000001c6e7178708]
Event: 11.080 Thread 0x000001c6fe020e30 2759   !   3       java.io.BufferedInputStream::read (69 bytes)
Event: 11.081 Thread 0x000001c6fe020e30 nmethod 2759 0x000001c6e7178990 code [0x000001c6e7178c20, 0x000001c6e7179860]
Event: 11.082 Thread 0x000001c6fe01e5c0 2760       4       java.lang.String::lastIndexOf (29 bytes)
Event: 11.087 Thread 0x000001c6fe020e30 2761       3       java.lang.ref.SoftReference::<init> (14 bytes)
Event: 11.087 Thread 0x000001c6fe01e5c0 nmethod 2760 0x000001c6ee83cf10 code [0x000001c6ee83d0a0, 0x000001c6ee83d2a8]
Event: 11.087 Thread 0x000001c6fe020e30 nmethod 2761 0x000001c6e7179d10 code [0x000001c6e7179ec0, 0x000001c6e717a120]

GC Heap History (14 events):
Event: 1.908 GC heap before
{Heap before GC invocations=1 (full 0):
 PSYoungGen      total 29696K, used 25600K [0x00000000eab00000, 0x00000000ecc00000, 0x0000000100000000)
  eden space 25600K, 100% used [0x00000000eab00000,0x00000000ec400000,0x00000000ec400000)
  from space 4096K, 0% used [0x00000000ec800000,0x00000000ec800000,0x00000000ecc00000)
  to   space 4096K, 0% used [0x00000000ec400000,0x00000000ec400000,0x00000000ec800000)
 ParOldGen       total 68608K, used 0K [0x00000000c0000000, 0x00000000c4300000, 0x00000000eab00000)
  object space 68608K, 0% used [0x00000000c0000000,0x00000000c0000000,0x00000000c4300000)
 Metaspace       used 4349K, committed 4544K, reserved 1114112K
  class space    used 460K, committed 576K, reserved 1048576K
}
Event: 1.929 GC heap after
{Heap after GC invocations=1 (full 0):
 PSYoungGen      total 29696K, used 3270K [0x00000000eab00000, 0x00000000ecc00000, 0x0000000100000000)
  eden space 25600K, 0% used [0x00000000eab00000,0x00000000eab00000,0x00000000ec400000)
  from space 4096K, 79% used [0x00000000ec400000,0x00000000ec731870,0x00000000ec800000)
  to   space 4096K, 0% used [0x00000000ec800000,0x00000000ec800000,0x00000000ecc00000)
 ParOldGen       total 68608K, used 16K [0x00000000c0000000, 0x00000000c4300000, 0x00000000eab00000)
  object space 68608K, 0% used [0x00000000c0000000,0x00000000c0004000,0x00000000c4300000)
 Metaspace       used 4349K, committed 4544K, reserved 1114112K
  class space    used 460K, committed 576K, reserved 1048576K
}
Event: 3.541 GC heap before
{Heap before GC invocations=2 (full 0):
 PSYoungGen      total 29696K, used 28870K [0x00000000eab00000, 0x00000000ecc00000, 0x0000000100000000)
  eden space 25600K, 100% used [0x00000000eab00000,0x00000000ec400000,0x00000000ec400000)
  from space 4096K, 79% used [0x00000000ec400000,0x00000000ec731870,0x00000000ec800000)
  to   space 4096K, 0% used [0x00000000ec800000,0x00000000ec800000,0x00000000ecc00000)
 ParOldGen       total 68608K, used 16K [0x00000000c0000000, 0x00000000c4300000, 0x00000000eab00000)
  object space 68608K, 0% used [0x00000000c0000000,0x00000000c0004000,0x00000000c4300000)
 Metaspace       used 8274K, committed 8576K, reserved 1114112K
  class space    used 850K, committed 1024K, reserved 1048576K
}
Event: 3.552 GC heap after
{Heap after GC invocations=2 (full 0):
 PSYoungGen      total 29696K, used 4074K [0x00000000eab00000, 0x00000000ecc00000, 0x0000000100000000)
  eden space 25600K, 0% used [0x00000000eab00000,0x00000000eab00000,0x00000000ec400000)
  from space 4096K, 99% used [0x00000000ec800000,0x00000000ecbfa9c8,0x00000000ecc00000)
  to   space 4096K, 0% used [0x00000000ec400000,0x00000000ec400000,0x00000000ec800000)
 ParOldGen       total 68608K, used 901K [0x00000000c0000000, 0x00000000c4300000, 0x00000000eab00000)
  object space 68608K, 1% used [0x00000000c0000000,0x00000000c00e16b8,0x00000000c4300000)
 Metaspace       used 8274K, committed 8576K, reserved 1114112K
  class space    used 850K, committed 1024K, reserved 1048576K
}
Event: 4.884 GC heap before
{Heap before GC invocations=3 (full 0):
 PSYoungGen      total 29696K, used 29674K [0x00000000eab00000, 0x00000000ecc00000, 0x0000000100000000)
  eden space 25600K, 100% used [0x00000000eab00000,0x00000000ec400000,0x00000000ec400000)
  from space 4096K, 99% used [0x00000000ec800000,0x00000000ecbfa9c8,0x00000000ecc00000)
  to   space 4096K, 0% used [0x00000000ec400000,0x00000000ec400000,0x00000000ec800000)
 ParOldGen       total 68608K, used 901K [0x00000000c0000000, 0x00000000c4300000, 0x00000000eab00000)
  object space 68608K, 1% used [0x00000000c0000000,0x00000000c00e16b8,0x00000000c4300000)
 Metaspace       used 13040K, committed 13568K, reserved 1114112K
  class space    used 1336K, committed 1536K, reserved 1048576K
}
Event: 4.894 GC heap after
{Heap after GC invocations=3 (full 0):
 PSYoungGen      total 29696K, used 4067K [0x00000000eab00000, 0x00000000ecc00000, 0x0000000100000000)
  eden space 25600K, 0% used [0x00000000eab00000,0x00000000eab00000,0x00000000ec400000)
  from space 4096K, 99% used [0x00000000ec400000,0x00000000ec7f8f48,0x00000000ec800000)
  to   space 4096K, 0% used [0x00000000ec800000,0x00000000ec800000,0x00000000ecc00000)
 ParOldGen       total 68608K, used 2859K [0x00000000c0000000, 0x00000000c4300000, 0x00000000eab00000)
  object space 68608K, 4% used [0x00000000c0000000,0x00000000c02cac38,0x00000000c4300000)
 Metaspace       used 13040K, committed 13568K, reserved 1114112K
  class space    used 1336K, committed 1536K, reserved 1048576K
}
Event: 6.059 GC heap before
{Heap before GC invocations=4 (full 0):
 PSYoungGen      total 29696K, used 29667K [0x00000000eab00000, 0x00000000ecc00000, 0x0000000100000000)
  eden space 25600K, 100% used [0x00000000eab00000,0x00000000ec400000,0x00000000ec400000)
  from space 4096K, 99% used [0x00000000ec400000,0x00000000ec7f8f48,0x00000000ec800000)
  to   space 4096K, 0% used [0x00000000ec800000,0x00000000ec800000,0x00000000ecc00000)
 ParOldGen       total 68608K, used 2859K [0x00000000c0000000, 0x00000000c4300000, 0x00000000eab00000)
  object space 68608K, 4% used [0x00000000c0000000,0x00000000c02cac38,0x00000000c4300000)
 Metaspace       used 17115K, committed 17856K, reserved 1114112K
  class space    used 1742K, committed 2048K, reserved 1048576K
}
Event: 6.069 GC heap after
{Heap after GC invocations=4 (full 0):
 PSYoungGen      total 29696K, used 4094K [0x00000000eab00000, 0x00000000ecc00000, 0x0000000100000000)
  eden space 25600K, 0% used [0x00000000eab00000,0x00000000eab00000,0x00000000ec400000)
  from space 4096K, 99% used [0x00000000ec800000,0x00000000ecbff938,0x00000000ecc00000)
  to   space 4096K, 0% used [0x00000000ec400000,0x00000000ec400000,0x00000000ec800000)
 ParOldGen       total 68608K, used 5205K [0x00000000c0000000, 0x00000000c4300000, 0x00000000eab00000)
  object space 68608K, 7% used [0x00000000c0000000,0x00000000c05156e8,0x00000000c4300000)
 Metaspace       used 17115K, committed 17856K, reserved 1114112K
  class space    used 1742K, committed 2048K, reserved 1048576K
}
Event: 6.677 GC heap before
{Heap before GC invocations=5 (full 0):
 PSYoungGen      total 29696K, used 29578K [0x00000000eab00000, 0x00000000ecc00000, 0x0000000100000000)
  eden space 25600K, 99% used [0x00000000eab00000,0x00000000ec3e3250,0x00000000ec400000)
  from space 4096K, 99% used [0x00000000ec800000,0x00000000ecbff938,0x00000000ecc00000)
  to   space 4096K, 0% used [0x00000000ec400000,0x00000000ec400000,0x00000000ec800000)
 ParOldGen       total 68608K, used 5205K [0x00000000c0000000, 0x00000000c4300000, 0x00000000eab00000)
  object space 68608K, 7% used [0x00000000c0000000,0x00000000c05156e8,0x00000000c4300000)
 Metaspace       used 20464K, committed 21184K, reserved 1114112K
  class space    used 1984K, committed 2304K, reserved 1048576K
}
Event: 6.686 GC heap after
{Heap after GC invocations=5 (full 0):
 PSYoungGen      total 29184K, used 4073K [0x00000000eab00000, 0x00000000ece80000, 0x0000000100000000)
  eden space 25088K, 0% used [0x00000000eab00000,0x00000000eab00000,0x00000000ec380000)
  from space 4096K, 99% used [0x00000000ec400000,0x00000000ec7fa7f8,0x00000000ec800000)
  to   space 5632K, 0% used [0x00000000ec900000,0x00000000ec900000,0x00000000ece80000)
 ParOldGen       total 68608K, used 6080K [0x00000000c0000000, 0x00000000c4300000, 0x00000000eab00000)
  object space 68608K, 8% used [0x00000000c0000000,0x00000000c05f0348,0x00000000c4300000)
 Metaspace       used 20464K, committed 21184K, reserved 1114112K
  class space    used 1984K, committed 2304K, reserved 1048576K
}
Event: 6.735 GC heap before
{Heap before GC invocations=6 (full 0):
 PSYoungGen      total 29184K, used 8586K [0x00000000eab00000, 0x00000000ece80000, 0x0000000100000000)
  eden space 25088K, 17% used [0x00000000eab00000,0x00000000eaf68300,0x00000000ec380000)
  from space 4096K, 99% used [0x00000000ec400000,0x00000000ec7fa7f8,0x00000000ec800000)
  to   space 5632K, 0% used [0x00000000ec900000,0x00000000ec900000,0x00000000ece80000)
 ParOldGen       total 68608K, used 6080K [0x00000000c0000000, 0x00000000c4300000, 0x00000000eab00000)
  object space 68608K, 8% used [0x00000000c0000000,0x00000000c05f0348,0x00000000c4300000)
 Metaspace       used 20844K, committed 21504K, reserved 1114112K
  class space    used 2004K, committed 2304K, reserved 1048576K
}
Event: 6.744 GC heap after
{Heap after GC invocations=6 (full 0):
 PSYoungGen      total 29696K, used 4201K [0x00000000eab00000, 0x00000000ecd80000, 0x0000000100000000)
  eden space 25088K, 0% used [0x00000000eab00000,0x00000000eab00000,0x00000000ec380000)
  from space 4608K, 91% used [0x00000000ec900000,0x00000000ecd1a430,0x00000000ecd80000)
  to   space 4608K, 0% used [0x00000000ec480000,0x00000000ec480000,0x00000000ec900000)
 ParOldGen       total 68608K, used 6080K [0x00000000c0000000, 0x00000000c4300000, 0x00000000eab00000)
  object space 68608K, 8% used [0x00000000c0000000,0x00000000c05f0348,0x00000000c4300000)
 Metaspace       used 20844K, committed 21504K, reserved 1114112K
  class space    used 2004K, committed 2304K, reserved 1048576K
}
Event: 6.744 GC heap before
{Heap before GC invocations=7 (full 1):
 PSYoungGen      total 29696K, used 4201K [0x00000000eab00000, 0x00000000ecd80000, 0x0000000100000000)
  eden space 25088K, 0% used [0x00000000eab00000,0x00000000eab00000,0x00000000ec380000)
  from space 4608K, 91% used [0x00000000ec900000,0x00000000ecd1a430,0x00000000ecd80000)
  to   space 4608K, 0% used [0x00000000ec480000,0x00000000ec480000,0x00000000ec900000)
 ParOldGen       total 68608K, used 6080K [0x00000000c0000000, 0x00000000c4300000, 0x00000000eab00000)
  object space 68608K, 8% used [0x00000000c0000000,0x00000000c05f0348,0x00000000c4300000)
 Metaspace       used 20844K, committed 21504K, reserved 1114112K
  class space    used 2004K, committed 2304K, reserved 1048576K
}
Event: 6.790 GC heap after
{Heap after GC invocations=7 (full 1):
 PSYoungGen      total 29696K, used 0K [0x00000000eab00000, 0x00000000ecd80000, 0x0000000100000000)
  eden space 25088K, 0% used [0x00000000eab00000,0x00000000eab00000,0x00000000ec380000)
  from space 4608K, 0% used [0x00000000ec900000,0x00000000ec900000,0x00000000ecd80000)
  to   space 4608K, 0% used [0x00000000ec480000,0x00000000ec480000,0x00000000ec900000)
 ParOldGen       total 68608K, used 8365K [0x00000000c0000000, 0x00000000c4300000, 0x00000000eab00000)
  object space 68608K, 12% used [0x00000000c0000000,0x00000000c082b7e0,0x00000000c4300000)
 Metaspace       used 20831K, committed 21504K, reserved 1114112K
  class space    used 2000K, committed 2304K, reserved 1048576K
}

Dll operation events (10 events):
Event: 0.029 Loaded shared library c:\Users\ADMIN\.vscode\extensions\redhat.java-1.42.0-win32-x64\jre\21.0.7-win32-x86_64\bin\java.dll
Event: 0.161 Loaded shared library c:\Users\ADMIN\.vscode\extensions\redhat.java-1.42.0-win32-x64\jre\21.0.7-win32-x86_64\bin\zip.dll
Event: 0.195 Loaded shared library C:\Users\ADMIN\.vscode\extensions\redhat.java-1.42.0-win32-x64\jre\21.0.7-win32-x86_64\bin\instrument.dll
Event: 0.202 Loaded shared library C:\Users\ADMIN\.vscode\extensions\redhat.java-1.42.0-win32-x64\jre\21.0.7-win32-x86_64\bin\net.dll
Event: 0.206 Loaded shared library C:\Users\ADMIN\.vscode\extensions\redhat.java-1.42.0-win32-x64\jre\21.0.7-win32-x86_64\bin\nio.dll
Event: 0.210 Loaded shared library C:\Users\ADMIN\.vscode\extensions\redhat.java-1.42.0-win32-x64\jre\21.0.7-win32-x86_64\bin\zip.dll
Event: 0.231 Loaded shared library C:\Users\ADMIN\.vscode\extensions\redhat.java-1.42.0-win32-x64\jre\21.0.7-win32-x86_64\bin\jimage.dll
Event: 0.376 Loaded shared library c:\Users\ADMIN\.vscode\extensions\redhat.java-1.42.0-win32-x64\jre\21.0.7-win32-x86_64\bin\verify.dll
Event: 3.454 Loaded shared library C:\Users\ADMIN\AppData\Roaming\Code\User\globalStorage\redhat.java\1.42.0\config_ss_win\org.eclipse.equinox.launcher\org.eclipse.equinox.launcher.win32.win32.x86_64_1.2.1300.v20250331-1702\eclipse_11911.dll
Event: 5.553 Loaded shared library C:\Users\ADMIN\AppData\Local\Temp\jna-62130991\jna12312609055508607226.dll

Deoptimization events (20 events):
Event: 5.928 Thread 0x000001c6fe00d150 Uncommon trap: trap_request=0xffffffde fr.pc=0x000001c6ee80c894 relative=0x00000000000003b4
Event: 5.928 Thread 0x000001c6fe00d150 Uncommon trap: reason=class_check action=maybe_recompile pc=0x000001c6ee80c894 method=java.util.regex.Pattern$BmpCharPropertyGreedy.match(Ljava/util/regex/Matcher;ILjava/lang/CharSequence;)Z @ 70 c2
Event: 5.928 Thread 0x000001c6fe00d150 DEOPT PACKING pc=0x000001c6ee80c894 sp=0x000000ba610ef5c0
Event: 5.928 Thread 0x000001c6fe00d150 DEOPT UNPACKING pc=0x000001c6ee1c3aa2 sp=0x000000ba610ef568 mode 2
Event: 5.928 Thread 0x000001c6fe00d150 Uncommon trap: trap_request=0xffffffde fr.pc=0x000001c6ee80c894 relative=0x00000000000003b4
Event: 5.928 Thread 0x000001c6fe00d150 Uncommon trap: reason=class_check action=maybe_recompile pc=0x000001c6ee80c894 method=java.util.regex.Pattern$BmpCharPropertyGreedy.match(Ljava/util/regex/Matcher;ILjava/lang/CharSequence;)Z @ 70 c2
Event: 5.928 Thread 0x000001c6fe00d150 DEOPT PACKING pc=0x000001c6ee80c894 sp=0x000000ba610ef410
Event: 5.928 Thread 0x000001c6fe00d150 DEOPT UNPACKING pc=0x000001c6ee1c3aa2 sp=0x000000ba610ef3b8 mode 2
Event: 5.970 Thread 0x000001c6fe8bbea0 Uncommon trap: trap_request=0xffffff45 fr.pc=0x000001c6ee81f56c relative=0x000000000000012c
Event: 5.970 Thread 0x000001c6fe8bbea0 Uncommon trap: reason=unstable_if action=reinterpret pc=0x000001c6ee81f56c method=java.lang.ThreadLocal.get(Ljava/lang/Thread;)Ljava/lang/Object; @ 7 c2
Event: 5.970 Thread 0x000001c6fe8bbea0 DEOPT PACKING pc=0x000001c6ee81f56c sp=0x000000ba618fe500
Event: 5.970 Thread 0x000001c6fe8bbea0 DEOPT UNPACKING pc=0x000001c6ee1c3aa2 sp=0x000000ba618fe498 mode 2
Event: 6.592 Thread 0x000001c6fe00d150 Uncommon trap: trap_request=0xffffff45 fr.pc=0x000001c6ee83376c relative=0x000000000000014c
Event: 6.592 Thread 0x000001c6fe00d150 Uncommon trap: reason=unstable_if action=reinterpret pc=0x000001c6ee83376c method=org.lombokweb.asm.ByteVector.putByteArray([BII)Lorg/lombokweb/asm/ByteVector; @ 20 c2
Event: 6.592 Thread 0x000001c6fe00d150 DEOPT PACKING pc=0x000001c6ee83376c sp=0x000000ba610f2760
Event: 6.592 Thread 0x000001c6fe00d150 DEOPT UNPACKING pc=0x000001c6ee1c3aa2 sp=0x000000ba610f2730 mode 2
Event: 6.593 Thread 0x000001c6fe00d150 Uncommon trap: trap_request=0xffffff45 fr.pc=0x000001c6ee833e24 relative=0x0000000000000364
Event: 6.593 Thread 0x000001c6fe00d150 Uncommon trap: reason=unstable_if action=reinterpret pc=0x000001c6ee833e24 method=org.lombokweb.asm.Label.resolve([BLorg/lombokweb/asm/ByteVector;I)Z @ 81 c2
Event: 6.593 Thread 0x000001c6fe00d150 DEOPT PACKING pc=0x000001c6ee833e24 sp=0x000000ba610f27f0
Event: 6.593 Thread 0x000001c6fe00d150 DEOPT UNPACKING pc=0x000001c6ee1c3aa2 sp=0x000000ba610f26f8 mode 2

Classes loaded (20 events):
Event: 5.971 Loading class java/util/zip/GZIPInputStream
Event: 5.971 Loading class java/util/zip/GZIPInputStream done
Event: 5.982 Loading class java/net/SocketTimeoutException
Event: 5.982 Loading class java/io/InterruptedIOException
Event: 5.982 Loading class java/io/InterruptedIOException done
Event: 5.982 Loading class java/net/SocketTimeoutException done
Event: 5.982 Loading class java/net/SocketException
Event: 5.982 Loading class java/net/SocketException done
Event: 5.983 Loading class java/net/UnknownHostException
Event: 5.983 Loading class java/net/UnknownHostException done
Event: 5.983 Loading class java/net/ProtocolException
Event: 5.983 Loading class java/net/ProtocolException done
Event: 6.023 Loading class java/lang/ThreadLocal$SuppliedThreadLocal
Event: 6.023 Loading class java/lang/ThreadLocal$SuppliedThreadLocal done
Event: 6.045 Loading class java/io/FileWriter
Event: 6.045 Loading class java/io/FileWriter done
Event: 6.157 Loading class java/lang/NegativeArraySizeException
Event: 6.157 Loading class java/lang/NegativeArraySizeException done
Event: 11.082 Loading class org/w3c/dom/DOMException
Event: 11.083 Loading class org/w3c/dom/DOMException done

Classes unloaded (7 events):
Event: 6.751 Thread 0x000001c6e14d0ed0 Unloading class 0x000001c681185000 'java/lang/invoke/LambdaForm$MH+0x000001c681185000'
Event: 6.751 Thread 0x000001c6e14d0ed0 Unloading class 0x000001c681184c00 'java/lang/invoke/LambdaForm$MH+0x000001c681184c00'
Event: 6.751 Thread 0x000001c6e14d0ed0 Unloading class 0x000001c681184800 'java/lang/invoke/LambdaForm$MH+0x000001c681184800'
Event: 6.751 Thread 0x000001c6e14d0ed0 Unloading class 0x000001c681184400 'java/lang/invoke/LambdaForm$MH+0x000001c681184400'
Event: 6.751 Thread 0x000001c6e14d0ed0 Unloading class 0x000001c681184000 'java/lang/invoke/LambdaForm$BMH+0x000001c681184000'
Event: 6.751 Thread 0x000001c6e14d0ed0 Unloading class 0x000001c681183c00 'java/lang/invoke/LambdaForm$DMH+0x000001c681183c00'
Event: 6.751 Thread 0x000001c6e14d0ed0 Unloading class 0x000001c681182800 'java/lang/invoke/LambdaForm$DMH+0x000001c681182800'

Classes redefined (0 events):
No events

Internal exceptions (20 events):
Event: 5.612 Thread 0x000001c6fe00d150 Exception <a 'java/lang/NoSuchMethodError'{0x00000000eb834e00}: 'void java.lang.invoke.DirectMethodHandle$Holder.invokeSpecial(java.lang.Object, java.lang.Object, java.lang.Object, int)'> (0x00000000eb834e00) 
thrown [s\src\hotspot\share\interpreter\linkResolver.cpp, line 773]
Event: 5.613 Thread 0x000001c6fe00d150 Exception <a 'java/lang/NoSuchMethodError'{0x00000000eb838790}: 'void java.lang.invoke.DelegatingMethodHandle$Holder.reinvoke_L(java.lang.Object, java.lang.Object, int)'> (0x00000000eb838790) 
thrown [s\src\hotspot\share\interpreter\linkResolver.cpp, line 773]
Event: 5.613 Thread 0x000001c6fe00d150 Exception <a 'java/lang/NoSuchMethodError'{0x00000000eb83f478}: 'int java.lang.invoke.Invokers$Holder.invokeExact_MT(java.lang.Object, java.lang.Object, java.lang.Object)'> (0x00000000eb83f478) 
thrown [s\src\hotspot\share\interpreter\linkResolver.cpp, line 773]
Event: 5.668 Thread 0x000001c6fe00d150 Exception <a 'java/lang/NoSuchMethodError'{0x00000000eb94f3a8}: 'void java.lang.invoke.Invokers$Holder.invokeExact_MT(java.lang.Object, java.lang.Object, int, java.lang.Object)'> (0x00000000eb94f3a8) 
thrown [s\src\hotspot\share\interpreter\linkResolver.cpp, line 773]
Event: 5.725 Thread 0x000001c6fe00d150 Exception <a 'java/lang/NoSuchMethodError'{0x00000000eba465f8}: 'java.lang.Object java.lang.invoke.DirectMethodHandle$Holder.invokeSpecial(java.lang.Object, java.lang.Object, java.lang.Object, long, java.lang.Object)'> (0x00000000eba465f8) 
thrown [s\src\hotspot\share\interpreter\linkResolver.cpp, line 773]
Event: 5.727 Thread 0x000001c6fe00d150 Exception <a 'java/lang/NoSuchMethodError'{0x00000000eba4e060}: 'java.lang.Object java.lang.invoke.DirectMethodHandle$Holder.newInvokeSpecial(java.lang.Object, java.lang.Object, java.lang.Object, long)'> (0x00000000eba4e060) 
thrown [s\src\hotspot\share\interpreter\linkResolver.cpp, line 773]
Event: 5.728 Thread 0x000001c6fe00d150 Exception <a 'java/lang/NoSuchMethodError'{0x00000000eba51ec0}: 'java.lang.Object java.lang.invoke.Invokers$Holder.linkToTargetMethod(java.lang.Object, java.lang.Object, long, java.lang.Object)'> (0x00000000eba51ec0) 
thrown [s\src\hotspot\share\interpreter\linkResolver.cpp, line 773]
Event: 5.748 Thread 0x000001c6fe00d150 Exception <a 'java/lang/NoSuchMethodError'{0x00000000ebac6070}: 'int java.lang.invoke.DirectMethodHandle$Holder.invokeStaticInit(java.lang.Object, java.lang.Object, java.lang.Object)'> (0x00000000ebac6070) 
thrown [s\src\hotspot\share\interpreter\linkResolver.cpp, line 773]
Event: 5.771 Thread 0x000001c6fe00d150 Exception <a 'java/lang/IncompatibleClassChangeError'{0x00000000ebb47698}: Found class java.lang.Object, but interface was expected> (0x00000000ebb47698) 
thrown [s\src\hotspot\share\interpreter\linkResolver.cpp, line 840]
Event: 5.779 Thread 0x000001c6fe00d150 Exception <a 'java/lang/NoSuchMethodError'{0x00000000ebb59838}: 'java.lang.Object java.lang.invoke.DirectMethodHandle$Holder.invokeSpecial(java.lang.Object, java.lang.Object, java.lang.Object, int, java.lang.Object, java.lang.Object)'> (0x00000000ebb59838) 
thrown [s\src\hotspot\share\interpreter\linkResolver.cpp, line 773]
Event: 5.781 Thread 0x000001c6fe00d150 Exception <a 'java/lang/NoSuchMethodError'{0x00000000ebb610d0}: 'java.lang.Object java.lang.invoke.DirectMethodHandle$Holder.newInvokeSpecial(java.lang.Object, java.lang.Object, java.lang.Object, int, java.lang.Object)'> (0x00000000ebb610d0) 
thrown [s\src\hotspot\share\interpreter\linkResolver.cpp, line 773]
Event: 5.782 Thread 0x000001c6fe00d150 Exception <a 'java/lang/NoSuchMethodError'{0x00000000ebb64bc0}: 'java.lang.Object java.lang.invoke.Invokers$Holder.linkToTargetMethod(java.lang.Object, java.lang.Object, int, java.lang.Object, java.lang.Object)'> (0x00000000ebb64bc0) 
thrown [s\src\hotspot\share\interpreter\linkResolver.cpp, line 773]
Event: 5.784 Thread 0x000001c6fe8bc530 Exception <a 'java/lang/NoSuchMethodError'{0x00000000eba84040}: 'java.lang.Object java.lang.invoke.DirectMethodHandle$Holder.invokeSpecial(java.lang.Object, java.lang.Object, int, java.lang.Object, java.lang.Object)'> (0x00000000eba84040) 
thrown [s\src\hotspot\share\interpreter\linkResolver.cpp, line 773]
Event: 5.786 Thread 0x000001c6fe8bc530 Exception <a 'java/lang/NoSuchMethodError'{0x00000000eba8ad78}: 'java.lang.Object java.lang.invoke.DirectMethodHandle$Holder.newInvokeSpecial(java.lang.Object, java.lang.Object, int, java.lang.Object)'> (0x00000000eba8ad78) 
thrown [s\src\hotspot\share\interpreter\linkResolver.cpp, line 773]
Event: 5.788 Thread 0x000001c6fe8bc530 Implicit null exception at 0x000001c6ee822d0b to 0x000001c6ee822dd0
Event: 5.816 Thread 0x000001c6fe00d150 Exception <a 'java/lang/NoSuchMethodError'{0x00000000ebc66268}: 'void java.lang.invoke.DirectMethodHandle$Holder.invokeSpecial(java.lang.Object, java.lang.Object, java.lang.Object, java.lang.Object, java.lang.Object)'> (0x00000000ebc66268) 
thrown [s\src\hotspot\share\interpreter\linkResolver.cpp, line 773]
Event: 5.892 Thread 0x000001c6fe00d150 Exception <a 'java/lang/NoSuchMethodError'{0x00000000ebe9f220}: 'double java.lang.invoke.DirectMethodHandle$Holder.invokeStatic(java.lang.Object, java.lang.Object)'> (0x00000000ebe9f220) 
thrown [s\src\hotspot\share\interpreter\linkResolver.cpp, line 773]
Event: 5.893 Thread 0x000001c6fe00d150 Exception <a 'java/lang/NoSuchMethodError'{0x00000000ebea28e0}: 'double java.lang.invoke.DirectMethodHandle$Holder.invokeStaticInit(java.lang.Object, java.lang.Object)'> (0x00000000ebea28e0) 
thrown [s\src\hotspot\share\interpreter\linkResolver.cpp, line 773]
Event: 5.970 Thread 0x000001c6fe8bbea0 Implicit null exception at 0x000001c6ee81f487 to 0x000001c6ee81f554
Event: 6.592 Thread 0x000001c6fe00d150 Implicit null exception at 0x000001c6ee833675 to 0x000001c6ee833750

ZGC Phase Switch (0 events):
No events

VM Operations (20 events):
Event: 4.884 Executing VM operation: ParallelGCFailedAllocation (Allocation Failure)
Event: 4.895 Executing VM operation: ParallelGCFailedAllocation (Allocation Failure) done
Event: 4.996 Executing VM operation: HandshakeAllThreads (Deoptimize)
Event: 4.996 Executing VM operation: HandshakeAllThreads (Deoptimize) done
Event: 5.011 Executing VM operation: HandshakeAllThreads (Deoptimize)
Event: 5.011 Executing VM operation: HandshakeAllThreads (Deoptimize) done
Event: 5.042 Executing VM operation: HandshakeAllThreads (Deoptimize)
Event: 5.042 Executing VM operation: HandshakeAllThreads (Deoptimize) done
Event: 5.575 Executing VM operation: HandshakeAllThreads (Deoptimize)
Event: 5.576 Executing VM operation: HandshakeAllThreads (Deoptimize) done
Event: 6.058 Executing VM operation: ParallelGCFailedAllocation (Allocation Failure)
Event: 6.069 Executing VM operation: ParallelGCFailedAllocation (Allocation Failure) done
Event: 6.676 Executing VM operation: ParallelGCFailedAllocation (Allocation Failure)
Event: 6.686 Executing VM operation: ParallelGCFailedAllocation (Allocation Failure) done
Event: 6.735 Executing VM operation: CollectForMetadataAllocation (Metadata GC Threshold)
Event: 6.791 Executing VM operation: CollectForMetadataAllocation (Metadata GC Threshold) done
Event: 8.793 Executing VM operation: Cleanup
Event: 9.013 Executing VM operation: Cleanup done
Event: 12.016 Executing VM operation: Cleanup
Event: 12.016 Executing VM operation: Cleanup done

Memory protections (0 events):
No events

Nmethod flushes (0 events):
No events

Events (20 events):
Event: 3.175 Thread 0x000001c6fe7ed880 Thread exited: 0x000001c6fe7ed880
Event: 3.392 Thread 0x000001c6fe020e30 Thread added: 0x000001c6fef86a60
Event: 3.423 Thread 0x000001c6e3a4ae10 Thread added: 0x000001c6fe00ff40
Event: 3.439 Thread 0x000001c6e3a4ae10 Thread added: 0x000001c6fe00d150
Event: 3.523 Thread 0x000001c6fef86a60 Thread exited: 0x000001c6fef86a60
Event: 3.540 Thread 0x000001c6fe00d150 Thread added: 0x000001c6fe8bb180
Event: 3.862 Thread 0x000001c6fe00d150 Thread added: 0x000001c6fe8baaf0
Event: 4.113 Thread 0x000001c6fe01e5c0 Thread added: 0x000001c6fecae570
Event: 4.114 Thread 0x000001c6fe01e5c0 Thread added: 0x000001c6fecb3030
Event: 4.598 Thread 0x000001c6fe00d150 Thread added: 0x000001c6fe8b8a20
Event: 5.225 Thread 0x000001c6fecb3030 Thread exited: 0x000001c6fecb3030
Event: 5.480 Thread 0x000001c6fecae570 Thread exited: 0x000001c6fecae570
Event: 5.634 Thread 0x000001c6fe00d150 Thread added: 0x000001c6fe8bb810
Event: 5.737 Thread 0x000001c6fe00d150 Thread added: 0x000001c6fe8bc530
Event: 5.787 Thread 0x000001c6fe00d150 Thread added: 0x000001c6fe8bbea0
Event: 5.969 Thread 0x000001c6fe8bbea0 Thread added: 0x000001c6fe8b9dd0
Event: 6.112 Thread 0x000001c6fe020e30 Thread added: 0x000001c6feb46db0
Event: 6.128 Thread 0x000001c6feb46db0 Thread added: 0x000001c6fe7b93b0
Event: 6.354 Thread 0x000001c6fe7b93b0 Thread exited: 0x000001c6fe7b93b0
Event: 11.018 Thread 0x000001c6fe8baaf0 Thread exited: 0x000001c6fe8baaf0


Dynamic libraries:
0x00007ff7b90a0000 - 0x00007ff7b90ae000 	c:\Users\ADMIN\.vscode\extensions\redhat.java-1.42.0-win32-x64\jre\21.0.7-win32-x86_64\bin\java.exe
0x00007ffe53fa0000 - 0x00007ffe54205000 	C:\WINDOWS\SYSTEM32\ntdll.dll
0x00007ffe53580000 - 0x00007ffe53649000 	C:\WINDOWS\System32\KERNEL32.DLL
0x00007ffe510f0000 - 0x00007ffe514d8000 	C:\WINDOWS\System32\KERNELBASE.dll
0x00007ffe514e0000 - 0x00007ffe5162b000 	C:\WINDOWS\System32\ucrtbase.dll
0x00007ffe48eb0000 - 0x00007ffe48ec8000 	c:\Users\ADMIN\.vscode\extensions\redhat.java-1.42.0-win32-x64\jre\21.0.7-win32-x86_64\bin\jli.dll
0x00007ffe3fc80000 - 0x00007ffe3fc9e000 	c:\Users\ADMIN\.vscode\extensions\redhat.java-1.42.0-win32-x64\jre\21.0.7-win32-x86_64\bin\VCRUNTIME140.dll
0x00007ffe538b0000 - 0x00007ffe53a7a000 	C:\WINDOWS\System32\USER32.dll
0x00007ffe34a80000 - 0x00007ffe34d1a000 	C:\WINDOWS\WinSxS\amd64_microsoft.windows.common-controls_6595b64144ccf1df_6.0.26100.4202_none_3e0698d4e335f517\COMCTL32.dll
0x00007ffe51630000 - 0x00007ffe51657000 	C:\WINDOWS\System32\win32u.dll
0x00007ffe53390000 - 0x00007ffe53439000 	C:\WINDOWS\System32\msvcrt.dll
0x00007ffe52c10000 - 0x00007ffe52c3b000 	C:\WINDOWS\System32\GDI32.dll
0x00007ffe519c0000 - 0x00007ffe51af7000 	C:\WINDOWS\System32\gdi32full.dll
0x00007ffe51700000 - 0x00007ffe517a3000 	C:\WINDOWS\System32\msvcp_win.dll
0x00007ffe522e0000 - 0x00007ffe52310000 	C:\WINDOWS\System32\IMM32.DLL
0x00007ffe49f70000 - 0x00007ffe49f7c000 	c:\Users\ADMIN\.vscode\extensions\redhat.java-1.42.0-win32-x64\jre\21.0.7-win32-x86_64\bin\vcruntime140_1.dll
0x00007ffe36b10000 - 0x00007ffe36b9d000 	c:\Users\ADMIN\.vscode\extensions\redhat.java-1.42.0-win32-x64\jre\21.0.7-win32-x86_64\bin\msvcp140.dll
0x00007ffdfb580000 - 0x00007ffdfc310000 	c:\Users\ADMIN\.vscode\extensions\redhat.java-1.42.0-win32-x64\jre\21.0.7-win32-x86_64\bin\server\jvm.dll
0x00007ffe521f0000 - 0x00007ffe522a3000 	C:\WINDOWS\System32\ADVAPI32.dll
0x00007ffe52960000 - 0x00007ffe52a06000 	C:\WINDOWS\System32\sechost.dll
0x00007ffe53440000 - 0x00007ffe53555000 	C:\WINDOWS\System32\RPCRT4.dll
0x00007ffe523d0000 - 0x00007ffe52444000 	C:\WINDOWS\System32\WS2_32.dll
0x00007ffe46db0000 - 0x00007ffe46de5000 	C:\WINDOWS\SYSTEM32\WINMM.dll
0x00007ffe50950000 - 0x00007ffe509ae000 	C:\WINDOWS\SYSTEM32\POWRPROF.dll
0x00007ffe433b0000 - 0x00007ffe433bb000 	C:\WINDOWS\SYSTEM32\VERSION.dll
0x00007ffe50660000 - 0x00007ffe50674000 	C:\WINDOWS\SYSTEM32\UMPDC.dll
0x00007ffe4f540000 - 0x00007ffe4f55b000 	C:\WINDOWS\SYSTEM32\kernel.appcore.dll
0x00007ffe49f20000 - 0x00007ffe49f2a000 	c:\Users\ADMIN\.vscode\extensions\redhat.java-1.42.0-win32-x64\jre\21.0.7-win32-x86_64\bin\jimage.dll
0x00007ffe509e0000 - 0x00007ffe50c21000 	C:\WINDOWS\SYSTEM32\DBGHELP.DLL
0x00007ffe53a80000 - 0x00007ffe53e05000 	C:\WINDOWS\System32\combase.dll
0x00007ffe53e10000 - 0x00007ffe53ef1000 	C:\WINDOWS\System32\OLEAUT32.dll
0x00007ffe50840000 - 0x00007ffe50879000 	C:\WINDOWS\SYSTEM32\dbgcore.DLL
0x00007ffe51660000 - 0x00007ffe516f9000 	C:\WINDOWS\System32\bcryptPrimitives.dll
0x00007ffe48e20000 - 0x00007ffe48e2f000 	c:\Users\ADMIN\.vscode\extensions\redhat.java-1.42.0-win32-x64\jre\21.0.7-win32-x86_64\bin\instrument.dll
0x00007ffe3ed40000 - 0x00007ffe3ed5f000 	c:\Users\ADMIN\.vscode\extensions\redhat.java-1.42.0-win32-x64\jre\21.0.7-win32-x86_64\bin\java.dll
0x00007ffe52c40000 - 0x00007ffe53382000 	C:\WINDOWS\System32\SHELL32.dll
0x00007ffe517b0000 - 0x00007ffe51924000 	C:\WINDOWS\System32\wintypes.dll
0x00007ffe4e2b0000 - 0x00007ffe4eb07000 	C:\WINDOWS\SYSTEM32\windows.storage.dll
0x00007ffe524b0000 - 0x00007ffe525a1000 	C:\WINDOWS\System32\SHCORE.dll
0x00007ffe528f0000 - 0x00007ffe5295a000 	C:\WINDOWS\System32\shlwapi.dll
0x00007ffe51000000 - 0x00007ffe5102f000 	C:\WINDOWS\SYSTEM32\profapi.dll
0x00007ffe50430000 - 0x00007ffe50448000 	c:\Users\ADMIN\.vscode\extensions\redhat.java-1.42.0-win32-x64\jre\21.0.7-win32-x86_64\bin\zip.dll
0x00007ffe504c0000 - 0x00007ffe504d0000 	C:\Users\ADMIN\.vscode\extensions\redhat.java-1.42.0-win32-x64\jre\21.0.7-win32-x86_64\bin\net.dll
0x00007ffe43d10000 - 0x00007ffe43e2e000 	C:\WINDOWS\SYSTEM32\WINHTTP.dll
0x00007ffe4fa50000 - 0x00007ffe4faba000 	C:\WINDOWS\system32\mswsock.dll
0x00007ffe4a5c0000 - 0x00007ffe4a5d6000 	C:\Users\ADMIN\.vscode\extensions\redhat.java-1.42.0-win32-x64\jre\21.0.7-win32-x86_64\bin\nio.dll
0x00007ffe4a5b0000 - 0x00007ffe4a5c0000 	c:\Users\ADMIN\.vscode\extensions\redhat.java-1.42.0-win32-x64\jre\21.0.7-win32-x86_64\bin\verify.dll
0x00007ffe3fc30000 - 0x00007ffe3fc75000 	C:\Users\ADMIN\AppData\Roaming\Code\User\globalStorage\redhat.java\1.42.0\config_ss_win\org.eclipse.equinox.launcher\org.eclipse.equinox.launcher.win32.win32.x86_64_1.2.1300.v20250331-1702\eclipse_11911.dll
0x00007ffe525b0000 - 0x00007ffe5274e000 	C:\WINDOWS\System32\ole32.dll
0x00007ffe50d30000 - 0x00007ffe50d4b000 	C:\WINDOWS\SYSTEM32\CRYPTSP.dll
0x00007ffe4ff60000 - 0x00007ffe4ff9a000 	C:\WINDOWS\system32\rsaenh.dll
0x00007ffe4fac0000 - 0x00007ffe4faeb000 	C:\WINDOWS\SYSTEM32\USERENV.dll
0x00007ffe50fd0000 - 0x00007ffe50ff6000 	C:\WINDOWS\SYSTEM32\bcrypt.dll
0x00007ffe4ff50000 - 0x00007ffe4ff5c000 	C:\WINDOWS\SYSTEM32\CRYPTBASE.dll
0x00007ffe4f040000 - 0x00007ffe4f073000 	C:\WINDOWS\SYSTEM32\IPHLPAPI.DLL
0x00007ffe53570000 - 0x00007ffe5357a000 	C:\WINDOWS\System32\NSI.dll
0x00007ffe37c20000 - 0x00007ffe37c69000 	C:\Users\ADMIN\AppData\Local\Temp\jna-62130991\jna12312609055508607226.dll
0x00007ffe52760000 - 0x00007ffe52768000 	C:\WINDOWS\System32\PSAPI.DLL

dbghelp: loaded successfully - version: 4.0.5 - missing functions: none
symbol engine: initialized successfully - sym options: 0x614 - pdb path: .;c:\Users\ADMIN\.vscode\extensions\redhat.java-1.42.0-win32-x64\jre\21.0.7-win32-x86_64\bin;C:\WINDOWS\SYSTEM32;C:\WINDOWS\WinSxS\amd64_microsoft.windows.common-controls_6595b64144ccf1df_6.0.26100.4202_none_3e0698d4e335f517;c:\Users\ADMIN\.vscode\extensions\redhat.java-1.42.0-win32-x64\jre\21.0.7-win32-x86_64\bin\server;C:\Users\ADMIN\AppData\Roaming\Code\User\globalStorage\redhat.java\1.42.0\config_ss_win\org.eclipse.equinox.launcher\org.eclipse.equinox.launcher.win32.win32.x86_64_1.2.1300.v20250331-1702;C:\Users\ADMIN\AppData\Local\Temp\jna-62130991

VM Arguments:
jvm_args: --add-modules=ALL-SYSTEM --add-opens=java.base/java.util=ALL-UNNAMED --add-opens=java.base/java.lang=ALL-UNNAMED --add-opens=java.base/sun.nio.fs=ALL-UNNAMED -Declipse.application=org.eclipse.jdt.ls.core.id1 -Dosgi.bundles.defaultStartLevel=4 -Declipse.product=org.eclipse.jdt.ls.core.product -Djava.import.generatesMetadataFilesAtProjectRoot=false -DDetectVMInstallationsJob.disabled=true -Dfile.encoding=utf8 -XX:+UseParallelGC -XX:GCTimeRatio=4 -XX:AdaptiveSizePolicyWeight=90 -Dsun.zip.disableMemoryMapping=true -Xmx1G -Xms100m -Xlog:disable -javaagent:c:\Users\ADMIN\.vscode\extensions\redhat.java-1.42.0-win32-x64\lombok\lombok-1.18.36.jar 
java_command: c:\Users\ADMIN\.vscode\extensions\redhat.java-1.42.0-win32-x64\server\plugins\org.eclipse.equinox.launcher_1.7.0.v20250424-1814.jar -configuration c:\Users\ADMIN\AppData\Roaming\Code\User\globalStorage\redhat.java\1.42.0\config_ss_win -data c:\Users\ADMIN\AppData\Roaming\Code\User\workspaceStorage\b8ba9087176955a5b86e532f01be8d4f\redhat.java\ss_ws --pipe=\\.\pipe\lsp-87261f597fa9969ea38eddc46b48e3b9-sock
java_class_path (initial): c:\Users\ADMIN\.vscode\extensions\redhat.java-1.42.0-win32-x64\server\plugins\org.eclipse.equinox.launcher_1.7.0.v20250424-1814.jar
Launcher Type: SUN_STANDARD

[Global flags]
    uintx AdaptiveSizePolicyWeight                 = 90                                        {product} {command line}
     intx CICompilerCount                          = 4                                         {product} {ergonomic}
    uintx GCTimeRatio                              = 4                                         {product} {command line}
   size_t InitialHeapSize                          = 104857600                                 {product} {command line}
   size_t MaxHeapSize                              = 1073741824                                {product} {command line}
   size_t MaxNewSize                               = 357564416                                 {product} {ergonomic}
   size_t MinHeapDeltaBytes                        = 524288                                    {product} {ergonomic}
   size_t MinHeapSize                              = 104857600                                 {product} {command line}
   size_t NewSize                                  = 34603008                                  {product} {ergonomic}
    uintx NonNMethodCodeHeapSize                   = 5839372                                {pd product} {ergonomic}
    uintx NonProfiledCodeHeapSize                  = 122909434                              {pd product} {ergonomic}
   size_t OldSize                                  = 70254592                                  {product} {ergonomic}
    uintx ProfiledCodeHeapSize                     = 122909434                              {pd product} {ergonomic}
    uintx ReservedCodeCacheSize                    = 251658240                              {pd product} {ergonomic}
     bool SegmentedCodeCache                       = true                                      {product} {ergonomic}
   size_t SoftMaxHeapSize                          = 1073741824                             {manageable} {ergonomic}
     bool UseCompressedOops                        = true                           {product lp64_product} {ergonomic}
     bool UseLargePagesIndividualAllocation        = false                                  {pd product} {ergonomic}
     bool UseParallelGC                            = true                                      {product} {command line}

Logging:
Log output configuration:
 #0: stdout all=off uptime,level,tags foldmultilines=false
 #1: stderr all=off uptime,level,tags foldmultilines=false

Environment Variables:
PATH=C:\Program Files\Common Files\Oracle\Java\javapath;C:\Program Files (x86)\Common Files\Oracle\Java\javapath;C:\WINDOWS\system32;C:\WINDOWS;C:\WINDOWS\System32\Wbem;C:\WINDOWS\System32\WindowsPowerShell\v1.0\;C:\WINDOWS\System32\OpenSSH\;C:\Program Files\NVIDIA Corporation\NVIDIA App\NvDLISR;C:\Program Files (x86)\NVIDIA Corporation\PhysX\Common;C:\Program Files\Git\cmd;C:\Users\ADMIN\AppData\Local\Programs\Python\Python313\Scripts\;C:\Users\ADMIN\AppData\Local\Programs\Python\Python313\;C:\Users\ADMIN\AppData\Local\Programs\Python\Launcher\;C:\Users\ADMIN\AppData\Local\Microsoft\WindowsApps;C:\Users\ADMIN\AppData\Local\Programs\Microsoft VS Code\bin;
USERNAME=ADMIN
OS=Windows_NT
PROCESSOR_IDENTIFIER=Intel64 Family 6 Model 154 Stepping 4, GenuineIntel
TMP=C:\Users\ADMIN\AppData\Local\Temp
TEMP=C:\Users\ADMIN\AppData\Local\Temp




Periodic native trim disabled

---------------  S Y S T E M  ---------------

OS:
 Windows 11 , 64 bit Build 26100 (10.0.26100.4202)
OS uptime: 3 days 4:17 hours
Hyper-V role detected

CPU: total 12 (initial active 12) (6 cores per cpu, 2 threads per core) family 6 model 154 stepping 4 microcode 0x435, cx8, cmov, fxsr, ht, mmx, 3dnowpref, sse, sse2, sse3, ssse3, sse4.1, sse4.2, popcnt, lzcnt, tsc, tscinvbit, avx, avx2, aes, erms, clmul, bmi1, bmi2, adx, sha, fma, vzeroupper, clflush, clflushopt, clwb, hv, serialize, rdtscp, rdpid, fsrm, f16c, cet_ibt, cet_ss
Processor Information for processor 0
  Max Mhz: 1700, Current Mhz: 1700, Mhz Limit: 1700
Processor Information for processor 1
  Max Mhz: 1700, Current Mhz: 1700, Mhz Limit: 1700
Processor Information for processor 2
  Max Mhz: 1700, Current Mhz: 1700, Mhz Limit: 1700
Processor Information for processor 3
  Max Mhz: 1700, Current Mhz: 1700, Mhz Limit: 1700
Processor Information for processor 4
  Max Mhz: 1700, Current Mhz: 1700, Mhz Limit: 1700
Processor Information for processor 5
  Max Mhz: 1700, Current Mhz: 1700, Mhz Limit: 1700
Processor Information for processor 6
  Max Mhz: 1700, Current Mhz: 1558, Mhz Limit: 1700
Processor Information for processor 7
  Max Mhz: 1700, Current Mhz: 1700, Mhz Limit: 1700
Processor Information for processor 8
  Max Mhz: 1700, Current Mhz: 1558, Mhz Limit: 1700
Processor Information for processor 9
  Max Mhz: 1700, Current Mhz: 1700, Mhz Limit: 1700
Processor Information for processor 10
  Max Mhz: 1700, Current Mhz: 1700, Mhz Limit: 1700
Processor Information for processor 11
  Max Mhz: 1700, Current Mhz: 1558, Mhz Limit: 1700

Memory: 4k page, system-wide physical 7876M (1273M free)
TotalPageFile size 9756M (AvailPageFile size 6M)
current process WorkingSet (physical memory assigned to process): 143M, peak: 143M
current process commit charge ("private bytes"): 251M, peak: 253M

vm_info: OpenJDK 64-Bit Server VM (21.0.7+6-LTS) for windows-amd64 JRE (21.0.7+6-LTS), built on 2025-04-15T00:00:00Z by "admin" with MS VC++ 17.7 (VS2022)

END.
